<?xml version="1.0" encoding="UTF-8"?>
<!-- Generated by org.testng.reporters.JUnitXMLReporter -->
<testsuite ignored="0" hostname="gowano" failures="1" tests="2" name="Command line test" time="34.845" errors="0" timestamp="2025-04-12T18:01:58 EET">
  <testcase classname="Categories_Logo" name="testCategories" time="6.032">
    <failure type="java.lang.AssertionError" message="Test failed due to exception: stale element reference: stale element not found in the current frame
  (Session info: chrome=135.0.7049.85)
For documentation on this error, please visit: https://www.selenium.dev/documentation/webdriver/troubleshooting/errors#stale-element-reference-exception
Build info: version: &amp;apos;4.12.1&amp;apos;, revision: &amp;apos;8e34639b11&amp;apos;
System info: os.name: &amp;apos;Windows 11&amp;apos;, os.arch: &amp;apos;amd64&amp;apos;, os.version: &amp;apos;10.0&amp;apos;, java.version: &amp;apos;23.0.1&amp;apos;
Driver info: org.openqa.selenium.chrome.ChromeDriver
Command: [85626a08fd8537c1524180985de6a3ae, clickElement {id=f.FFE2C1ACEF8C210C7C94B4F285E58846.d.DCA1BC2C5D9365AAC8C421C704E344E4.e.1070}]
Capabilities {acceptInsecureCerts: false, browserName: chrome, browserVersion: 135.0.7049.85, chrome: {chromedriverVersion: 134.0.6998.165 (fd886e2cb29..., userDataDir: C:\Users\gowano\AppData\Loc...}, fedcm:accounts: true, goog:chromeOptions: {debuggerAddress: localhost:60186}, networkConnectionEnabled: false, pageLoadStrategy: normal, platformName: windows, proxy: Proxy(), se:cdp: ws://localhost:60186/devtoo..., se:cdpVersion: 135.0.7049.85, setWindowRect: true, strictFileInteractability: false, timeouts: {implicit: 0, pageLoad: 300000, script: 30000}, unhandledPromptBehavior: dismiss and notify, webauthn:extension:credBlob: true, webauthn:extension:largeBlob: true, webauthn:extension:minPinLength: true, webauthn:extension:prf: true, webauthn:virtualAuthenticators: true}
Element: [[ChromeDriver: chrome on windows (85626a08fd8537c1524180985de6a3ae)] -&amp;gt; link text: Sony vaio i5]
Session ID: 85626a08fd8537c1524180985de6a3ae">
      <![CDATA[java.lang.AssertionError: Test failed due to exception: stale element reference: stale element not found in the current frame
  (Session info: chrome=135.0.7049.85)
For documentation on this error, please visit: https://www.selenium.dev/documentation/webdriver/troubleshooting/errors#stale-element-reference-exception
Build info: version: '4.12.1', revision: '8e34639b11'
System info: os.name: 'Windows 11', os.arch: 'amd64', os.version: '10.0', java.version: '23.0.1'
Driver info: org.openqa.selenium.chrome.ChromeDriver
Command: [85626a08fd8537c1524180985de6a3ae, clickElement {id=f.FFE2C1ACEF8C210C7C94B4F285E58846.d.DCA1BC2C5D9365AAC8C421C704E344E4.e.1070}]
Capabilities {acceptInsecureCerts: false, browserName: chrome, browserVersion: 135.0.7049.85, chrome: {chromedriverVersion: 134.0.6998.165 (fd886e2cb29..., userDataDir: C:\Users\gowano\AppData\Loc...}, fedcm:accounts: true, goog:chromeOptions: {debuggerAddress: localhost:60186}, networkConnectionEnabled: false, pageLoadStrategy: normal, platformName: windows, proxy: Proxy(), se:cdp: ws://localhost:60186/devtoo..., se:cdpVersion: 135.0.7049.85, setWindowRect: true, strictFileInteractability: false, timeouts: {implicit: 0, pageLoad: 300000, script: 30000}, unhandledPromptBehavior: dismiss and notify, webauthn:extension:credBlob: true, webauthn:extension:largeBlob: true, webauthn:extension:minPinLength: true, webauthn:extension:prf: true, webauthn:virtualAuthenticators: true}
Element: [[ChromeDriver: chrome on windows (85626a08fd8537c1524180985de6a3ae)] -> link text: Sony vaio i5]
Session ID: 85626a08fd8537c1524180985de6a3ae
at Categories_Logo.testCategories(Categories_Logo.java:118)
at java.base/java.util.ArrayList.forEach(ArrayList.java:1597)
at MainTest3.main(MainTest3.java:32)
... Removed 23 stack frames]]>
    </failure>
  </testcase> <!-- testCategories -->
  <testcase classname="PriceValidation" name="testCartTotal" time="11.408"/>
</testsuite> <!-- Command line test -->
